<?xml version="1.0" encoding="UTF-8"?>
<!-- Generated by org.testng.reporters.JUnitReportReporter -->
<testsuite hostname="Anmol-PC" failures="0" tests="1" name="testcases.HomeTest" time="13.206" errors="0" timestamp="2022-09-18T10:32:39 IST" skipped="0">
  <testcase classname="testcases.HomeTest" name="Test1" time="13.206"/>
  <system-out/>
</testsuite> <!-- testcases.HomeTest -->
