<?xml version="1.0" encoding="UTF-8"?>
<!-- Generated by org.testng.reporters.JUnitReportReporter -->
<testsuite hostname="Anmol-PC" failures="0" tests="1" name="testcases.HomeTest" time="16.189" errors="0" timestamp="2022-09-11T10:38:03 IST" skipped="0">
  <testcase classname="testcases.HomeTest" name="Test1" time="16.189"/>
  <system-out/>
</testsuite> <!-- testcases.HomeTest -->
