<?xml version="1.0" encoding="UTF-8"?>
<!-- Generated by org.testng.reporters.JUnitReportReporter -->
<testsuite skipped="0" hostname="Anmol-PC" name="testcases.SimplilearnLoginTest" tests="3" failures="0" timestamp="2022-09-18T11:55:25 IST" time="80.060" errors="0">
  <testcase name="Test2" time="25.198" classname="testcases.SimplilearnLoginTest"/>
  <system-out/>
  <testcase name="Test3" time="30.976" classname="testcases.SimplilearnLoginTest"/>
  <system-out/>
  <testcase name="Test1" time="23.886" classname="testcases.SimplilearnLoginTest"/>
  <system-out/>
</testsuite> <!-- testcases.SimplilearnLoginTest -->
