<?xml version="1.0" encoding="UTF-8"?>
<!-- Generated by org.testng.reporters.JUnitReportReporter -->
<testsuite skipped="0" hostname="Anmol-PC" name="testcases.SimplilearnLoginTest" tests="2" failures="0" timestamp="2022-09-10T12:59:18 IST" time="70.053" errors="0">
  <testcase name="Test2" time="29.943" classname="testcases.SimplilearnLoginTest"/>
  <system-out/>
  <testcase name="Test1" time="40.110" classname="testcases.SimplilearnLoginTest"/>
  <system-out/>
</testsuite> <!-- testcases.SimplilearnLoginTest -->
