<?xml version="1.0" encoding="UTF-8"?>
<!-- Generated by org.testng.reporters.JUnitReportReporter -->
<testsuite skipped="0" hostname="Anmol-PC" name="testcases.HomeTest" tests="1" failures="0" timestamp="2022-09-10T12:59:18 IST" time="27.054" errors="0">
  <testcase name="Test1" time="27.054" classname="testcases.HomeTest"/>
  <system-out/>
</testsuite> <!-- testcases.HomeTest -->
